c:\users\dimko\source\repos\windowsproject5\windowsproject5\debug\windowsproject5.pch
c:\users\dimko\source\repos\windowsproject5\windowsproject5\debug\vc141.pdb
c:\users\dimko\source\repos\windowsproject5\windowsproject5\debug\vc141.idb
c:\users\dimko\source\repos\windowsproject5\windowsproject5\debug\stdafx.obj
c:\users\dimko\source\repos\windowsproject5\windowsproject5\debug\windowsproject5.obj
c:\users\dimko\source\repos\windowsproject5\windowsproject5\debug\contact.obj
c:\users\dimko\source\repos\windowsproject5\windowsproject5\debug\about.obj
c:\users\dimko\source\repos\windowsproject5\windowsproject5\debug\addcontact.obj
c:\users\dimko\source\repos\windowsproject5\debug\windowsproject5.exe
c:\users\dimko\source\repos\windowsproject5\debug\windowsproject5.ilk
c:\users\dimko\source\repos\windowsproject5\debug\windowsproject5.pdb
c:\users\dimko\source\repos\windowsproject5\windowsproject5\debug\windowsproject5.res
c:\users\dimko\source\repos\windowsproject5\windowsproject5\debug\windowsproject5.tlog\cl.command.1.tlog
c:\users\dimko\source\repos\windowsproject5\windowsproject5\debug\windowsproject5.tlog\cl.read.1.tlog
c:\users\dimko\source\repos\windowsproject5\windowsproject5\debug\windowsproject5.tlog\cl.write.1.tlog
c:\users\dimko\source\repos\windowsproject5\windowsproject5\debug\windowsproject5.tlog\link.command.1.tlog
c:\users\dimko\source\repos\windowsproject5\windowsproject5\debug\windowsproject5.tlog\link.read.1.tlog
c:\users\dimko\source\repos\windowsproject5\windowsproject5\debug\windowsproject5.tlog\link.write.1.tlog
c:\users\dimko\source\repos\windowsproject5\windowsproject5\debug\windowsproject5.tlog\rc.command.1.tlog
c:\users\dimko\source\repos\windowsproject5\windowsproject5\debug\windowsproject5.tlog\rc.read.1.tlog
c:\users\dimko\source\repos\windowsproject5\windowsproject5\debug\windowsproject5.tlog\rc.write.1.tlog
